Using pre-set license
Built from '2020.2/release' branch; Version is '2020.2.2f1 (068178b99f32) revision 426360'; Using compiler version '192528614'; Build Type 'Release'
OS: 'Windows 10 Pro; OS build 19042.867; Version 2009; 64bit' Language: 'en' Physical Memory: 32645 MB
BatchMode: 1, IsHumanControllingUs: 0, StartBugReporterOnCrash: 0, Is64bit: 1, IsPro: 0

 COMMAND LINE ARGUMENTS:
C:\Program Files\Unity\Editor\Unity.exe
-adb2
-batchMode
-noUpm
-name
AssetImportWorker1
-projectPath
C:/Users/lalal/OneDrive - TAFE NSW/Diploma GIT/Thief-Stone/Game
-logFile
Logs/AssetImportWorker1.log
-srvPort
56061
Successfully changed project path to: C:/Users/lalal/OneDrive - TAFE NSW/Diploma GIT/Thief-Stone/Game
C:/Users/lalal/OneDrive - TAFE NSW/Diploma GIT/Thief-Stone/Game
Using Asset Import Pipeline V2.
Refreshing native plugins compatible for Editor in 57.00 ms, found 0 plugins.
Preloading 0 native plugins for Editor in 0.00 ms.
Initialize engine version: 2020.2.2f1 (068178b99f32)
[Subsystems] Discovering subsystems at path C:/Program Files/Unity/Editor/Data/Resources/UnitySubsystems
[Subsystems] Discovering subsystems at path C:/Users/lalal/OneDrive - TAFE NSW/Diploma GIT/Thief-Stone/Game/Assets
GfxDevice: creating device client; threaded=0
Direct3D:
    Version:  Direct3D 11.0 [level 11.1]
    Renderer: NVIDIA GeForce RTX 2070 with Max-Q Design (ID=0x1f50)
    Vendor:   
    VRAM:     8031 MB
    Driver:   27.21.14.5763
Initialize mono
Mono path[0] = 'C:/Program Files/Unity/Editor/Data/Managed'
Mono path[1] = 'C:/Program Files/Unity/Editor/Data/MonoBleedingEdge/lib/mono/unityjit'
Mono config path = 'C:/Program Files/Unity/Editor/Data/MonoBleedingEdge/etc'
Using monoOptions --debugger-agent=transport=dt_socket,embedding=1,server=y,suspend=n,address=127.0.0.1:56360
Begin MonoManager ReloadAssembly
Registering precompiled unity dll's ...
Register platform support module: C:/Program Files/Unity/Editor/Data/PlaybackEngines/WindowsStandaloneSupport/UnityEditor.WindowsStandalone.Extensions.dll
Registered in 0.006099 seconds.
Native extension for WindowsStandalone target not found
Refreshing native plugins compatible for Editor in 64.53 ms, found 0 plugins.
Preloading 0 native plugins for Editor in 0.00 ms.
Invoked RoslynAnalysisRunner static constructor.
RoslynAnalysisRunner will not be running.
RoslynAnalysisRunner has terminated.
Mono: successfully reloaded assembly
- Completed reload, in  3.746 seconds
Platform modules already initialized, skipping
Registering precompiled user dll's ...
Registered in 0.002011 seconds.
Begin MonoManager ReloadAssembly
Native extension for WindowsStandalone target not found
Refreshing native plugins compatible for Editor in 0.36 ms, found 0 plugins.
Preloading 0 native plugins for Editor in 0.00 ms.
Invoked RoslynAnalysisRunner static constructor.
RoslynAnalysisRunner will not be running.
RoslynAnalysisRunner has terminated.
Mono: successfully reloaded assembly
- Completed reload, in  4.970 seconds
Platform modules already initialized, skipping
========================================================================
Worker process is ready to serve import requests
Launched and connected shader compiler UnityShaderCompiler.exe after 0.12 seconds
Refreshing native plugins compatible for Editor in 0.60 ms, found 0 plugins.
Preloading 0 native plugins for Editor in 0.00 ms.
Unloading 1102 Unused Serialized files (Serialized files now loaded: 0)
System memory in use before: 57.2 MB.
System memory in use after: 57.3 MB.

Unloading 10 unused Assets to reduce memory usage. Loaded Objects now: 1544.
Total: 5.113900 ms (FindLiveObjects: 0.270500 ms CreateObjectMapping: 0.101900 ms MarkObjects: 4.502100 ms  DeleteObjects: 0.237000 ms)

========================================================================
Received Import Request.
  path: Assets/Art/3D Assets/Floor_1x1.fbx
  artifactKey: Guid(562cd898ddd189444906826728672446) Importer(815301076,1909f56bfc062723c751e8b465ee728b)
Start importing Assets/Art/3D Assets/Floor_1x1.fbx using Guid(562cd898ddd189444906826728672446) Importer(815301076,1909f56bfc062723c751e8b465ee728b)  -> (artifact id: '1473a1d5b59cfae10820486048579abb') in 0.519475 seconds
  Import took 0.525984 seconds .

========================================================================
Received Import Request.
  Time since last request: 0.000524 seconds.
  path: Assets/Art/3D Assets
  artifactKey: Guid(8599f74e5c1ad0143b298656c1bb9246) Importer(815301076,1909f56bfc062723c751e8b465ee728b)
Start importing Assets/Art/3D Assets using Guid(8599f74e5c1ad0143b298656c1bb9246) Importer(815301076,1909f56bfc062723c751e8b465ee728b)  -> (artifact id: 'f640555856f45999f05088e42cd7cb5d') in 0.029937 seconds
  Import took 0.043036 seconds .

========================================================================
Received Import Request.
  Time since last request: 0.000586 seconds.
  path: Assets/Art/3D Assets/Wall_Straight.fbx
  artifactKey: Guid(b374261fda7cdda42adcb91f9bbb7b6e) Importer(815301076,1909f56bfc062723c751e8b465ee728b)
Start importing Assets/Art/3D Assets/Wall_Straight.fbx using Guid(b374261fda7cdda42adcb91f9bbb7b6e) Importer(815301076,1909f56bfc062723c751e8b465ee728b)  -> (artifact id: '6f290bc640b9f81ee1519f8f1c2e3c42') in 0.081948 seconds
  Import took 0.087272 seconds .

========================================================================
Received Import Request.
  Time since last request: 0.000567 seconds.
  path: Assets/Art/3D Assets/Wall_DoorHole.fbx
  artifactKey: Guid(ad34cacbcb691914aa3dc7bb7d6d3194) Importer(815301076,1909f56bfc062723c751e8b465ee728b)
Start importing Assets/Art/3D Assets/Wall_DoorHole.fbx using Guid(ad34cacbcb691914aa3dc7bb7d6d3194) Importer(815301076,1909f56bfc062723c751e8b465ee728b)  -> (artifact id: 'acf9f0b60a9249d20a925eead6c920d0') in 0.104641 seconds
  Import took 0.111299 seconds .

========================================================================
Received Import Request.
  Time since last request: 0.000521 seconds.
  path: Assets/Art/3D Assets/Wall_X_Section.fbx
  artifactKey: Guid(ff17740a6290dea49a400e67d820a7fd) Importer(815301076,1909f56bfc062723c751e8b465ee728b)
Start importing Assets/Art/3D Assets/Wall_X_Section.fbx using Guid(ff17740a6290dea49a400e67d820a7fd) Importer(815301076,1909f56bfc062723c751e8b465ee728b)  -> (artifact id: '146a1084af2dc4f2009ca670bc56f0af') in 0.078976 seconds
  Import took 0.085481 seconds .

========================================================================
Received Import Request.
  Time since last request: 0.000574 seconds.
  path: Assets/Art/3D Assets/Floor_2x2.fbx
  artifactKey: Guid(64a223d79b454804a819cb31057cb9ec) Importer(815301076,1909f56bfc062723c751e8b465ee728b)
Start importing Assets/Art/3D Assets/Floor_2x2.fbx using Guid(64a223d79b454804a819cb31057cb9ec) Importer(815301076,1909f56bfc062723c751e8b465ee728b)  -> (artifact id: 'a22899750a4e1c85b2b49e4887825e2e') in 0.071149 seconds
  Import took 0.077834 seconds .

========================================================================
Received Import Request.
  Time since last request: 0.000568 seconds.
  path: Assets/Art/3D Assets/Wall_End.fbx
  artifactKey: Guid(2a69d143f21ae2e4183d8c5704c01e28) Importer(815301076,1909f56bfc062723c751e8b465ee728b)
Start importing Assets/Art/3D Assets/Wall_End.fbx using Guid(2a69d143f21ae2e4183d8c5704c01e28) Importer(815301076,1909f56bfc062723c751e8b465ee728b)  -> (artifact id: '253c0fa5ccb609da98066536d69f8510') in 0.084533 seconds
  Import took 0.091054 seconds .

========================================================================
Received Import Request.
  Time since last request: 0.000564 seconds.
  path: Assets/Art/3D Assets/Wall_T_Section.fbx
  artifactKey: Guid(3527525a840d3f84f9fd3658c87590dd) Importer(815301076,1909f56bfc062723c751e8b465ee728b)
Start importing Assets/Art/3D Assets/Wall_T_Section.fbx using Guid(3527525a840d3f84f9fd3658c87590dd) Importer(815301076,1909f56bfc062723c751e8b465ee728b)  -> (artifact id: 'bc6e9f29e47f08c30838ba5915585ebc') in 0.068429 seconds
  Import took 0.074291 seconds .

========================================================================
Received Import Request.
  Time since last request: 0.000496 seconds.
  path: Assets/Art/3D Assets/Wall_Corner.fbx
  artifactKey: Guid(46ed759e6998f9a44b09d3a0763969c3) Importer(815301076,1909f56bfc062723c751e8b465ee728b)
Start importing Assets/Art/3D Assets/Wall_Corner.fbx using Guid(46ed759e6998f9a44b09d3a0763969c3) Importer(815301076,1909f56bfc062723c751e8b465ee728b)  -> (artifact id: 'af7041f7fd2994497cc60b548d81ce9c') in 0.087227 seconds
  Import took 0.093305 seconds .

========================================================================
Received Import Request.
  Time since last request: 3428.331805 seconds.
  path: Assets/Art/3D Assets/Floor_1x1.fbx
  artifactKey: Guid(562cd898ddd189444906826728672446) Importer(815301076,1909f56bfc062723c751e8b465ee728b)
Start importing Assets/Art/3D Assets/Floor_1x1.fbx using Guid(562cd898ddd189444906826728672446) Importer(815301076,1909f56bfc062723c751e8b465ee728b)  -> (artifact id: '7256da3bd8551f95fc11843eddce7931') in 0.051496 seconds
  Import took 0.056454 seconds .

========================================================================
Received Import Request.
  Time since last request: 0.011829 seconds.
  path: Assets/Art/3D Assets/Floor_1x1.fbx
  artifactKey: Guid(562cd898ddd189444906826728672446) Importer(815301076,1909f56bfc062723c751e8b465ee728b)
Start importing Assets/Art/3D Assets/Floor_1x1.fbx using Guid(562cd898ddd189444906826728672446) Importer(815301076,1909f56bfc062723c751e8b465ee728b)  -> (artifact id: '7256da3bd8551f95fc11843eddce7931') in 0.033153 seconds
  Import took 0.038511 seconds .

========================================================================
Received Import Request.
  Time since last request: 3.122401 seconds.
  path: Assets/Art/3D Assets/Materials
  artifactKey: Guid(89c4c9cb58fd4d14baaa9955c38f2e3c) Importer(815301076,1909f56bfc062723c751e8b465ee728b)
Start importing Assets/Art/3D Assets/Materials using Guid(89c4c9cb58fd4d14baaa9955c38f2e3c) Importer(815301076,1909f56bfc062723c751e8b465ee728b)  -> (artifact id: '441c4e48f857f0dccbde5cd967d68fa4') in 0.012518 seconds
  Import took 0.016498 seconds .

========================================================================
Received Import Request.
  Time since last request: 0.010443 seconds.
  path: Assets/Art/3D Assets/Materials
  artifactKey: Guid(89c4c9cb58fd4d14baaa9955c38f2e3c) Importer(815301076,1909f56bfc062723c751e8b465ee728b)
Start importing Assets/Art/3D Assets/Materials using Guid(89c4c9cb58fd4d14baaa9955c38f2e3c) Importer(815301076,1909f56bfc062723c751e8b465ee728b)  -> (artifact id: '441c4e48f857f0dccbde5cd967d68fa4') in 0.006199 seconds
  Import took 0.009662 seconds .

========================================================================
Received Import Request.
  Time since last request: 52.918895 seconds.
  path: Assets/Art/3D Assets/Floor_1x1.fbx
  artifactKey: Guid(562cd898ddd189444906826728672446) Importer(815301076,1909f56bfc062723c751e8b465ee728b)
Start importing Assets/Art/3D Assets/Floor_1x1.fbx using Guid(562cd898ddd189444906826728672446) Importer(815301076,1909f56bfc062723c751e8b465ee728b)  -> (artifact id: 'c1dffce7dffc0ef2ed40ae3fe56e6891') in 0.155698 seconds
  Import took 0.161083 seconds .

========================================================================
Received Import Request.
  Time since last request: 0.001699 seconds.
  path: Assets/Art/3D Assets/Floor_1x1.fbx
  artifactKey: Guid(562cd898ddd189444906826728672446) Importer(815301076,1909f56bfc062723c751e8b465ee728b)
Start importing Assets/Art/3D Assets/Floor_1x1.fbx using Guid(562cd898ddd189444906826728672446) Importer(815301076,1909f56bfc062723c751e8b465ee728b)  -> (artifact id: 'c1dffce7dffc0ef2ed40ae3fe56e6891') in 0.072902 seconds
  Import took 0.078293 seconds .

========================================================================
Received Import Request.
  Time since last request: 7.168725 seconds.
  path: Assets/Thief Stone
  artifactKey: Guid(3bdd7c15fe8cc1642b9cd7a61a521478) Importer(815301076,1909f56bfc062723c751e8b465ee728b)
Start importing Assets/Thief Stone using Guid(3bdd7c15fe8cc1642b9cd7a61a521478) Importer(815301076,1909f56bfc062723c751e8b465ee728b)  -> (artifact id: '6b03015cb7495e45e23926bffab7a3b0') in 0.012703 seconds
  Import took 0.015396 seconds .

========================================================================
Received Import Request.
  Time since last request: 0.013613 seconds.
  path: Assets/Thief Stone
  artifactKey: Guid(3bdd7c15fe8cc1642b9cd7a61a521478) Importer(815301076,1909f56bfc062723c751e8b465ee728b)
Start importing Assets/Thief Stone using Guid(3bdd7c15fe8cc1642b9cd7a61a521478) Importer(815301076,1909f56bfc062723c751e8b465ee728b)  -> (artifact id: '6b03015cb7495e45e23926bffab7a3b0') in 0.007250 seconds
  Import took 0.010587 seconds .

========================================================================
Received Import Request.
  Time since last request: 4.933194 seconds.
  path: Assets/Thief Stone/scenes
  artifactKey: Guid(6d5b8ac58385a1e48b794c5606d60622) Importer(815301076,1909f56bfc062723c751e8b465ee728b)
Start importing Assets/Thief Stone/scenes using Guid(6d5b8ac58385a1e48b794c5606d60622) Importer(815301076,1909f56bfc062723c751e8b465ee728b)  -> (artifact id: '44718cefe8d8019c09a895cb2908b66d') in 0.012471 seconds
  Import took 0.015542 seconds .

========================================================================
Received Import Request.
  Time since last request: 0.013703 seconds.
  path: Assets/Thief Stone/scenes
  artifactKey: Guid(6d5b8ac58385a1e48b794c5606d60622) Importer(815301076,1909f56bfc062723c751e8b465ee728b)
Start importing Assets/Thief Stone/scenes using Guid(6d5b8ac58385a1e48b794c5606d60622) Importer(815301076,1909f56bfc062723c751e8b465ee728b)  -> (artifact id: '44718cefe8d8019c09a895cb2908b66d') in 0.008379 seconds
  Import took 0.012616 seconds .

========================================================================
Received Import Request.
  Time since last request: 3.647027 seconds.
  path: Assets/Thief Stone/scenes/Floor_1x1.mb
  artifactKey: Guid(6bcd5bbde1a97774fabdabab57a032f0) Importer(815301076,1909f56bfc062723c751e8b465ee728b)
Start importing Assets/Thief Stone/scenes/Floor_1x1.mb using Guid(6bcd5bbde1a97774fabdabab57a032f0) Importer(815301076,1909f56bfc062723c751e8b465ee728b)  -> (artifact id: '1139ee32c13bc394b145e8caa3c8c1a1') in 0.014277 seconds
  Import took 0.018467 seconds .

========================================================================
Received Import Request.
  Time since last request: 0.014940 seconds.
  path: Assets/Thief Stone/scenes/Floor_1x1.mb
  artifactKey: Guid(6bcd5bbde1a97774fabdabab57a032f0) Importer(815301076,1909f56bfc062723c751e8b465ee728b)
Start importing Assets/Thief Stone/scenes/Floor_1x1.mb using Guid(6bcd5bbde1a97774fabdabab57a032f0) Importer(815301076,1909f56bfc062723c751e8b465ee728b)  -> (artifact id: '1139ee32c13bc394b145e8caa3c8c1a1') in 0.009077 seconds
  Import took 0.014401 seconds .

========================================================================
Received Import Request.
  Time since last request: 2.684458 seconds.
  path: Assets/Thief Stone/scenes/edits
  artifactKey: Guid(1b1f12c5b21fbc441904f023a2f4cb60) Importer(815301076,1909f56bfc062723c751e8b465ee728b)
Start importing Assets/Thief Stone/scenes/edits using Guid(1b1f12c5b21fbc441904f023a2f4cb60) Importer(815301076,1909f56bfc062723c751e8b465ee728b)  -> (artifact id: '9ee5e172a40a9dc3244daa4bfe2cba9f') in 0.014028 seconds
  Import took 0.017351 seconds .

========================================================================
Received Import Request.
  Time since last request: 0.011392 seconds.
  path: Assets/Thief Stone/scenes/edits
  artifactKey: Guid(1b1f12c5b21fbc441904f023a2f4cb60) Importer(815301076,1909f56bfc062723c751e8b465ee728b)
Start importing Assets/Thief Stone/scenes/edits using Guid(1b1f12c5b21fbc441904f023a2f4cb60) Importer(815301076,1909f56bfc062723c751e8b465ee728b)  -> (artifact id: '9ee5e172a40a9dc3244daa4bfe2cba9f') in 0.006423 seconds
  Import took 0.009954 seconds .

========================================================================
Received Import Request.
  Time since last request: 7.330021 seconds.
  path: Assets/Thief Stone/assets
  artifactKey: Guid(f6848962857db504088a4c6423d74b11) Importer(815301076,1909f56bfc062723c751e8b465ee728b)
Start importing Assets/Thief Stone/assets using Guid(f6848962857db504088a4c6423d74b11) Importer(815301076,1909f56bfc062723c751e8b465ee728b)  -> (artifact id: 'a8d83e4397b6a3f351d3c351556f9360') in 0.013144 seconds
  Import took 0.016445 seconds .

========================================================================
Received Import Request.
  Time since last request: 0.012079 seconds.
  path: Assets/Thief Stone/assets
  artifactKey: Guid(f6848962857db504088a4c6423d74b11) Importer(815301076,1909f56bfc062723c751e8b465ee728b)
Start importing Assets/Thief Stone/assets using Guid(f6848962857db504088a4c6423d74b11) Importer(815301076,1909f56bfc062723c751e8b465ee728b)  -> (artifact id: 'a8d83e4397b6a3f351d3c351556f9360') in 0.006436 seconds
  Import took 0.010410 seconds .

========================================================================
Received Import Request.
  Time since last request: 0.127887 seconds.
  path: Assets/Thief Stone/assets/Floor_1x1.fbx
  artifactKey: Guid(fbb6c57d7e9a80341940aadd7774072f) Importer(815301076,1909f56bfc062723c751e8b465ee728b)
Start importing Assets/Thief Stone/assets/Floor_1x1.fbx using Guid(fbb6c57d7e9a80341940aadd7774072f) Importer(815301076,1909f56bfc062723c751e8b465ee728b)  -> (artifact id: '1602e5fc4b371bb31ed6f947510bb658') in 0.048957 seconds
  Import took 0.054027 seconds .

========================================================================
Received Import Request.
  Time since last request: 0.000558 seconds.
  path: Assets/Thief Stone/assets/Floor_2x2.fbx
  artifactKey: Guid(dccd3d5e83048474fa18aad0de10da8f) Importer(815301076,1909f56bfc062723c751e8b465ee728b)
Start importing Assets/Thief Stone/assets/Floor_2x2.fbx using Guid(dccd3d5e83048474fa18aad0de10da8f) Importer(815301076,1909f56bfc062723c751e8b465ee728b)  -> (artifact id: 'ccb0c440a8363d3fabca3286dff4bfcb') in 0.078456 seconds
  Import took 0.083357 seconds .

========================================================================
Received Import Request.
  Time since last request: 0.000479 seconds.
  path: Assets/Thief Stone/assets/Wall_Corner.fbx
  artifactKey: Guid(4e1daf5c63df30e4c99845eb7cf42a1b) Importer(815301076,1909f56bfc062723c751e8b465ee728b)
Start importing Assets/Thief Stone/assets/Wall_Corner.fbx using Guid(4e1daf5c63df30e4c99845eb7cf42a1b) Importer(815301076,1909f56bfc062723c751e8b465ee728b)  -> (artifact id: '086a8a6207ece226a46933567610b6d5') in 0.080122 seconds
  Import took 0.085749 seconds .

========================================================================
Received Import Request.
  Time since last request: 0.000527 seconds.
  path: Assets/Thief Stone/assets/Wall_X_Section.fbx
  artifactKey: Guid(cb9ae26131a65e34cb24e88102c9fd16) Importer(815301076,1909f56bfc062723c751e8b465ee728b)
Start importing Assets/Thief Stone/assets/Wall_X_Section.fbx using Guid(cb9ae26131a65e34cb24e88102c9fd16) Importer(815301076,1909f56bfc062723c751e8b465ee728b)  -> (artifact id: '825adee8710dc355e9343b43c2cc0ecc') in 0.075383 seconds
  Import took 0.081481 seconds .

========================================================================
Received Import Request.
  Time since last request: 0.000506 seconds.
  path: Assets/Thief Stone/assets/Wall_DoorHole.fbx
  artifactKey: Guid(61b46349fa150e34e8bf3c26d19f8f6c) Importer(815301076,1909f56bfc062723c751e8b465ee728b)
Start importing Assets/Thief Stone/assets/Wall_DoorHole.fbx using Guid(61b46349fa150e34e8bf3c26d19f8f6c) Importer(815301076,1909f56bfc062723c751e8b465ee728b)  -> (artifact id: '1b8abe2b8c59985edc1ce964ac7ae73c') in 0.110142 seconds
  Import took 0.117760 seconds .

========================================================================
Received Import Request.
  Time since last request: 0.000526 seconds.
  path: Assets/Thief Stone/assets/Wall_Straight.fbx
  artifactKey: Guid(0d235098a4cd6834a9e15a38084ca4a0) Importer(815301076,1909f56bfc062723c751e8b465ee728b)
Start importing Assets/Thief Stone/assets/Wall_Straight.fbx using Guid(0d235098a4cd6834a9e15a38084ca4a0) Importer(815301076,1909f56bfc062723c751e8b465ee728b)  -> (artifact id: '52e961086b93d5aaed08318f08bdf376') in 0.073151 seconds
  Import took 0.078570 seconds .

========================================================================
Received Import Request.
  Time since last request: 0.000515 seconds.
  path: Assets/Thief Stone/assets/Wall_End.fbx
  artifactKey: Guid(2f5f8d181c62b0c4a9ed7a1cd2eb47fc) Importer(815301076,1909f56bfc062723c751e8b465ee728b)
Start importing Assets/Thief Stone/assets/Wall_End.fbx using Guid(2f5f8d181c62b0c4a9ed7a1cd2eb47fc) Importer(815301076,1909f56bfc062723c751e8b465ee728b)  -> (artifact id: '0f4bd66ca50dfca7d574c95d7c1c427c') in 0.075903 seconds
  Import took 0.081452 seconds .

========================================================================
Received Import Request.
  Time since last request: 0.000487 seconds.
  path: Assets/Thief Stone/assets/Wall_T_Section.fbx
  artifactKey: Guid(7ca12576432606a4788c9612e71db80b) Importer(815301076,1909f56bfc062723c751e8b465ee728b)
Start importing Assets/Thief Stone/assets/Wall_T_Section.fbx using Guid(7ca12576432606a4788c9612e71db80b) Importer(815301076,1909f56bfc062723c751e8b465ee728b)  -> (artifact id: '882688ad50465d3097d05f908e46a30c') in 0.084743 seconds
  Import took 0.089445 seconds .

========================================================================
Received Import Request.
  Time since last request: 319.086898 seconds.
  path: Assets/New Terrain 1.asset
  artifactKey: Guid(77c277158bce39c4692844963cad9c44) Importer(815301076,1909f56bfc062723c751e8b465ee728b)
Start importing Assets/New Terrain 1.asset using Guid(77c277158bce39c4692844963cad9c44) Importer(815301076,1909f56bfc062723c751e8b465ee728b)  -> (artifact id: '2f8a398243a8b3fb8f4fdee52cc77b5c') in 0.055541 seconds
  Import took 0.063221 seconds .

========================================================================
Received Import Request.
  Time since last request: 0.000360 seconds.
  path: Assets/New Terrain.asset
  artifactKey: Guid(b1d210ec0b67e474e88e1022745c31b7) Importer(815301076,1909f56bfc062723c751e8b465ee728b)
Start importing Assets/New Terrain.asset using Guid(b1d210ec0b67e474e88e1022745c31b7) Importer(815301076,1909f56bfc062723c751e8b465ee728b)  -> (artifact id: '8b7a694891bed797afe525314bf58f89') in 0.034687 seconds
  Import took 0.039748 seconds .

========================================================================
Received Import Request.
  Time since last request: 0.000550 seconds.
  path: Assets/New Terrain 1.asset
  artifactKey: Guid(77c277158bce39c4692844963cad9c44) Importer(815301076,1909f56bfc062723c751e8b465ee728b)
Start importing Assets/New Terrain 1.asset using Guid(77c277158bce39c4692844963cad9c44) Importer(815301076,1909f56bfc062723c751e8b465ee728b)  -> (artifact id: '2f8a398243a8b3fb8f4fdee52cc77b5c') in 0.020715 seconds
  Import took 0.026115 seconds .

========================================================================
Received Import Request.
  Time since last request: 0.041409 seconds.
  path: Assets/New Terrain.asset
  artifactKey: Guid(b1d210ec0b67e474e88e1022745c31b7) Importer(815301076,1909f56bfc062723c751e8b465ee728b)
Start importing Assets/New Terrain.asset using Guid(b1d210ec0b67e474e88e1022745c31b7) Importer(815301076,1909f56bfc062723c751e8b465ee728b)  -> (artifact id: '8b7a694891bed797afe525314bf58f89') in 0.024345 seconds
  Import took 0.030878 seconds .

========================================================================
Received Import Request.
  Time since last request: 35.184761 seconds.
  path: Assets/Thief Stone/cache
  artifactKey: Guid(f5df786f75a5f3747a27a8f1b3d20f2a) Importer(815301076,1909f56bfc062723c751e8b465ee728b)
Start importing Assets/Thief Stone/cache using Guid(f5df786f75a5f3747a27a8f1b3d20f2a) Importer(815301076,1909f56bfc062723c751e8b465ee728b)  -> (artifact id: '14e7eab4b88209e3fc9775e8b6b1b512') in 0.013420 seconds
  Import took 0.017084 seconds .

========================================================================
Received Import Request.
  Time since last request: 0.011621 seconds.
  path: Assets/Thief Stone/cache
  artifactKey: Guid(f5df786f75a5f3747a27a8f1b3d20f2a) Importer(815301076,1909f56bfc062723c751e8b465ee728b)
Start importing Assets/Thief Stone/cache using Guid(f5df786f75a5f3747a27a8f1b3d20f2a) Importer(815301076,1909f56bfc062723c751e8b465ee728b)  -> (artifact id: '14e7eab4b88209e3fc9775e8b6b1b512') in 0.009209 seconds
  Import took 0.014527 seconds .

========================================================================
Received Prepare
Registering precompiled user dll's ...
Registered in 0.002928 seconds.
Begin MonoManager ReloadAssembly
Native extension for WindowsStandalone target not found
Refreshing native plugins compatible for Editor in 0.33 ms, found 0 plugins.
Preloading 0 native plugins for Editor in 0.00 ms.
Invoked RoslynAnalysisRunner static constructor.
RoslynAnalysisRunner will not be running.
RoslynAnalysisRunner has terminated.
Mono: successfully reloaded assembly
- Completed reload, in  2.660 seconds
Platform modules already initialized, skipping
Refreshing native plugins compatible for Editor in 0.38 ms, found 0 plugins.
Preloading 0 native plugins for Editor in 0.00 ms.
Unloading 1140 Unused Serialized files (Serialized files now loaded: 0)
System memory in use before: 63.1 MB.
System memory in use after: 62.7 MB.

Unloading 8 unused Assets to reduce memory usage. Loaded Objects now: 1632.
Total: 6.393700 ms (FindLiveObjects: 0.545200 ms CreateObjectMapping: 0.158100 ms MarkObjects: 4.383400 ms  DeleteObjects: 1.303700 ms)

========================================================================
Received Import Request.
  Time since last request: 2943.766552 seconds.
  path: Assets/Art/Sprites/Grid_Green.png
  artifactKey: Guid(2d102b3c4432b454797372b055e6a80f) Importer(815301076,1909f56bfc062723c751e8b465ee728b)
Start importing Assets/Art/Sprites/Grid_Green.png using Guid(2d102b3c4432b454797372b055e6a80f) Importer(815301076,1909f56bfc062723c751e8b465ee728b)  -> (artifact id: '46bff8eeb06ba922830750f0daa7ee8e') in 0.078728 seconds
  Import took 0.081639 seconds .

