Using pre-set license
Built from '2020.2/release' branch; Version is '2020.2.2f1 (068178b99f32) revision 426360'; Using compiler version '192528614'; Build Type 'Release'
OS: 'Windows 10 Pro; OS build 19042.964; Version 2009; 64bit' Language: 'en' Physical Memory: 32645 MB
BatchMode: 1, IsHumanControllingUs: 0, StartBugReporterOnCrash: 0, Is64bit: 1, IsPro: 0

 COMMAND LINE ARGUMENTS:
C:\Program Files\Unity\Editor\Unity.exe
-adb2
-batchMode
-noUpm
-name
AssetImportWorker0
-projectPath
C:/Users/lalal/OneDrive - TAFE NSW/Diploma GIT/Thief-Stone/Game
-logFile
Logs/AssetImportWorker0.log
-srvPort
52948
Successfully changed project path to: C:/Users/lalal/OneDrive - TAFE NSW/Diploma GIT/Thief-Stone/Game
C:/Users/lalal/OneDrive - TAFE NSW/Diploma GIT/Thief-Stone/Game
Using Asset Import Pipeline V2.
Refreshing native plugins compatible for Editor in 109.28 ms, found 0 plugins.
Preloading 0 native plugins for Editor in 0.00 ms.
Initialize engine version: 2020.2.2f1 (068178b99f32)
[Subsystems] Discovering subsystems at path C:/Program Files/Unity/Editor/Data/Resources/UnitySubsystems
[Subsystems] Discovering subsystems at path C:/Users/lalal/OneDrive - TAFE NSW/Diploma GIT/Thief-Stone/Game/Assets
GfxDevice: creating device client; threaded=0
Direct3D:
    Version:  Direct3D 11.0 [level 11.1]
    Renderer: NVIDIA GeForce RTX 2070 with Max-Q Design (ID=0x1f50)
    Vendor:   
    VRAM:     8031 MB
    Driver:   27.21.14.6192
Shader 'Universal Render Pipeline/Particles/Lit': fallback shader 'Universal Render Pipeline/Particles/SimpleLit' not found
Initialize mono
Mono path[0] = 'C:/Program Files/Unity/Editor/Data/Managed'
Mono path[1] = 'C:/Program Files/Unity/Editor/Data/MonoBleedingEdge/lib/mono/unityjit'
Mono config path = 'C:/Program Files/Unity/Editor/Data/MonoBleedingEdge/etc'
Using monoOptions --debugger-agent=transport=dt_socket,embedding=1,server=y,suspend=n,address=127.0.0.1:56180
Begin MonoManager ReloadAssembly
Registering precompiled unity dll's ...
Register platform support module: C:/Program Files/Unity/Editor/Data/PlaybackEngines/WindowsStandaloneSupport/UnityEditor.WindowsStandalone.Extensions.dll
Registered in 0.004660 seconds.
Native extension for WindowsStandalone target not found
Refreshing native plugins compatible for Editor in 205.83 ms, found 0 plugins.
Preloading 0 native plugins for Editor in 0.00 ms.
Invoked RoslynAnalysisRunner static constructor.
RoslynAnalysisRunner will not be running.
RoslynAnalysisRunner has terminated.
Mono: successfully reloaded assembly
- Completed reload, in  3.394 seconds
Platform modules already initialized, skipping
Registering precompiled user dll's ...
Registered in 0.003887 seconds.
Begin MonoManager ReloadAssembly
Native extension for WindowsStandalone target not found
Refreshing native plugins compatible for Editor in 127.68 ms, found 0 plugins.
Preloading 0 native plugins for Editor in 0.00 ms.
Invoked RoslynAnalysisRunner static constructor.
RoslynAnalysisRunner will not be running.
RoslynAnalysisRunner has terminated.
Mono: successfully reloaded assembly
- Completed reload, in  3.609 seconds
Platform modules already initialized, skipping
========================================================================
Worker process is ready to serve import requests
Shader 'Universal Render Pipeline/Particles/Lit': fallback shader 'Universal Render Pipeline/Particles/SimpleLit' not found
Launched and connected shader compiler UnityShaderCompiler.exe after 0.12 seconds
Refreshing native plugins compatible for Editor in 0.80 ms, found 0 plugins.
Preloading 0 native plugins for Editor in 0.00 ms.
Unloading 2506 Unused Serialized files (Serialized files now loaded: 0)
System memory in use before: 131.0 MB.
System memory in use after: 131.2 MB.

Unloading 15 unused Assets to reduce memory usage. Loaded Objects now: 2970.
Total: 6.551100 ms (FindLiveObjects: 0.362900 ms CreateObjectMapping: 0.164100 ms MarkObjects: 5.810000 ms  DeleteObjects: 0.212200 ms)

========================================================================
Received Import Request.
  path: Assets/Scripts/Core/EnemyTurn.cs
  artifactKey: Guid(4d373caeac385724896fabb98250e6a4) Importer(815301076,1909f56bfc062723c751e8b465ee728b)
Start importing Assets/Scripts/Core/EnemyTurn.cs using Guid(4d373caeac385724896fabb98250e6a4) Importer(815301076,1909f56bfc062723c751e8b465ee728b)  -> (artifact id: '3694371353441cee94464dfe37f76fdf') in 0.098049 seconds
  Import took 0.107667 seconds .

========================================================================
Received Prepare
Registering precompiled user dll's ...
Registered in 0.002293 seconds.
Begin MonoManager ReloadAssembly
Native extension for WindowsStandalone target not found
Refreshing native plugins compatible for Editor in 0.87 ms, found 0 plugins.
Preloading 0 native plugins for Editor in 0.00 ms.
Invoked RoslynAnalysisRunner static constructor.
RoslynAnalysisRunner will not be running.
RoslynAnalysisRunner has terminated.
Mono: successfully reloaded assembly
- Completed reload, in  2.830 seconds
Platform modules already initialized, skipping
Shader 'Universal Render Pipeline/Particles/Lit': fallback shader 'Universal Render Pipeline/Particles/SimpleLit' not found
Refreshing native plugins compatible for Editor in 1.72 ms, found 0 plugins.
Preloading 0 native plugins for Editor in 0.00 ms.
Unloading 2383 Unused Serialized files (Serialized files now loaded: 0)
System memory in use before: 125.1 MB.
System memory in use after: 125.3 MB.

Unloading 6 unused Assets to reduce memory usage. Loaded Objects now: 2972.
Total: 9.919100 ms (FindLiveObjects: 1.340100 ms CreateObjectMapping: 0.923600 ms MarkObjects: 7.447700 ms  DeleteObjects: 0.203100 ms)

========================================================================
Received Import Request.
  Time since last request: 160.355374 seconds.
  path: Assets/Scripts/Core/StateMachine.cs
  artifactKey: Guid(d34743a54b9fab541bcd8f6d85714767) Importer(815301076,1909f56bfc062723c751e8b465ee728b)
Start importing Assets/Scripts/Core/StateMachine.cs using Guid(d34743a54b9fab541bcd8f6d85714767) Importer(815301076,1909f56bfc062723c751e8b465ee728b)  -> (artifact id: 'fd5de09975551605a1a775337cab2e28') in 0.043610 seconds
  Import took 0.062947 seconds .

========================================================================
Received Import Request.
  Time since last request: 7.165537 seconds.
  path: Assets/Scripts/Core/GameManager.cs
  artifactKey: Guid(9762eb2acab7d444c9aa4fb299249ac0) Importer(815301076,1909f56bfc062723c751e8b465ee728b)
Start importing Assets/Scripts/Core/GameManager.cs using Guid(9762eb2acab7d444c9aa4fb299249ac0) Importer(815301076,1909f56bfc062723c751e8b465ee728b)  -> (artifact id: '41c7aafe7063716c7c52e26fb9a3f843') in 0.014210 seconds
  Import took 0.022529 seconds .

========================================================================
Received Import Request.
  Time since last request: 34.380292 seconds.
  path: Assets/Scripts/Enemies
  artifactKey: Guid(be74cfe713a57144fa8c74f8146b69db) Importer(815301076,1909f56bfc062723c751e8b465ee728b)
Start importing Assets/Scripts/Enemies using Guid(be74cfe713a57144fa8c74f8146b69db) Importer(815301076,1909f56bfc062723c751e8b465ee728b)  -> (artifact id: 'b79998cc671361b1ea2724dc7565abb3') in 0.028444 seconds
  Import took 0.042972 seconds .

========================================================================
Received Import Request.
  Time since last request: 0.028130 seconds.
  path: Assets/Scripts/Enemies
  artifactKey: Guid(be74cfe713a57144fa8c74f8146b69db) Importer(815301076,1909f56bfc062723c751e8b465ee728b)
Start importing Assets/Scripts/Enemies using Guid(be74cfe713a57144fa8c74f8146b69db) Importer(815301076,1909f56bfc062723c751e8b465ee728b)  -> (artifact id: 'b79998cc671361b1ea2724dc7565abb3') in 0.009837 seconds
  Import took 0.024372 seconds .

