Using pre-set license
Built from '2020.2/release' branch; Version is '2020.2.2f1 (068178b99f32) revision 426360'; Using compiler version '192528614'; Build Type 'Release'
OS: 'Windows 10 Pro; OS build 19042.867; Version 2009; 64bit' Language: 'en' Physical Memory: 32645 MB
BatchMode: 1, IsHumanControllingUs: 0, StartBugReporterOnCrash: 0, Is64bit: 1, IsPro: 0

 COMMAND LINE ARGUMENTS:
C:\Program Files\Unity\Editor\Unity.exe
-adb2
-batchMode
-noUpm
-name
AssetImportWorker0
-projectPath
C:/Users/lalal/OneDrive - TAFE NSW/Diploma GIT/Magic-Thief/Game
-logFile
Logs/AssetImportWorker0.log
-srvPort
53759
Successfully changed project path to: C:/Users/lalal/OneDrive - TAFE NSW/Diploma GIT/Magic-Thief/Game
C:/Users/lalal/OneDrive - TAFE NSW/Diploma GIT/Magic-Thief/Game
Using Asset Import Pipeline V2.
Refreshing native plugins compatible for Editor in 26.16 ms, found 0 plugins.
Preloading 0 native plugins for Editor in 0.00 ms.
Initialize engine version: 2020.2.2f1 (068178b99f32)
[Subsystems] Discovering subsystems at path C:/Program Files/Unity/Editor/Data/Resources/UnitySubsystems
[Subsystems] Discovering subsystems at path C:/Users/lalal/OneDrive - TAFE NSW/Diploma GIT/Magic-Thief/Game/Assets
GfxDevice: creating device client; threaded=0
Direct3D:
    Version:  Direct3D 11.0 [level 11.1]
    Renderer: NVIDIA GeForce RTX 2070 with Max-Q Design (ID=0x1f50)
    Vendor:   
    VRAM:     8031 MB
    Driver:   27.21.14.5763
Initialize mono
Mono path[0] = 'C:/Program Files/Unity/Editor/Data/Managed'
Mono path[1] = 'C:/Program Files/Unity/Editor/Data/MonoBleedingEdge/lib/mono/unityjit'
Mono config path = 'C:/Program Files/Unity/Editor/Data/MonoBleedingEdge/etc'
Using monoOptions --debugger-agent=transport=dt_socket,embedding=1,server=y,suspend=n,address=127.0.0.1:56628
Begin MonoManager ReloadAssembly
Registering precompiled unity dll's ...
Register platform support module: C:/Program Files/Unity/Editor/Data/PlaybackEngines/WindowsStandaloneSupport/UnityEditor.WindowsStandalone.Extensions.dll
Registered in 0.002289 seconds.
Native extension for WindowsStandalone target not found
Refreshing native plugins compatible for Editor in 27.55 ms, found 0 plugins.
Preloading 0 native plugins for Editor in 0.00 ms.
Invoked RoslynAnalysisRunner static constructor.
RoslynAnalysisRunner will not be running.
RoslynAnalysisRunner has terminated.
Mono: successfully reloaded assembly
- Completed reload, in  1.195 seconds
Platform modules already initialized, skipping
Registering precompiled user dll's ...
Registered in 0.000872 seconds.
Begin MonoManager ReloadAssembly
Native extension for WindowsStandalone target not found
Refreshing native plugins compatible for Editor in 28.70 ms, found 0 plugins.
Preloading 0 native plugins for Editor in 0.00 ms.
Invoked RoslynAnalysisRunner static constructor.
RoslynAnalysisRunner will not be running.
RoslynAnalysisRunner has terminated.
Mono: successfully reloaded assembly
- Completed reload, in  0.942 seconds
Platform modules already initialized, skipping
========================================================================
Worker process is ready to serve import requests
Launched and connected shader compiler UnityShaderCompiler.exe after 0.06 seconds
Refreshing native plugins compatible for Editor in 0.23 ms, found 0 plugins.
Preloading 0 native plugins for Editor in 0.00 ms.
Unloading 1395 Unused Serialized files (Serialized files now loaded: 0)
System memory in use before: 66.8 MB.
System memory in use after: 66.8 MB.

Unloading 12 unused Assets to reduce memory usage. Loaded Objects now: 1838.
Total: 2.024800 ms (FindLiveObjects: 0.177200 ms CreateObjectMapping: 0.050200 ms MarkObjects: 1.727000 ms  DeleteObjects: 0.069300 ms)

========================================================================
Received Import Request.
  path: Assets/Scripts/Grid
  artifactKey: Guid(d6ca62e0cac86c04aa94742fcb7e8616) Importer(815301076,1909f56bfc062723c751e8b465ee728b)
Start importing Assets/Scripts/Grid using Guid(d6ca62e0cac86c04aa94742fcb7e8616) Importer(815301076,1909f56bfc062723c751e8b465ee728b)  -> (artifact id: 'd87f7f578d5c7cdf0ec4fb3a4a4d47a6') in 0.009356 seconds
  Import took 0.011601 seconds .

========================================================================
Received Import Request.
  Time since last request: 16.230834 seconds.
  path: Assets/Scripts/Grid/Mouse.inputactions
  artifactKey: Guid(ddebb690adbaac64f8d3f66bf66a0d31) Importer(815301076,1909f56bfc062723c751e8b465ee728b)
Start importing Assets/Scripts/Grid/Mouse.inputactions using Guid(ddebb690adbaac64f8d3f66bf66a0d31) Importer(815301076,1909f56bfc062723c751e8b465ee728b)  -> (artifact id: '9be6f691faf331ad67df7eb560e07a42') in 0.041202 seconds
  Import took 0.043308 seconds .

========================================================================
Received Import Request.
  Time since last request: 64.608360 seconds.
  path: Assets/Scripts/Grid/Mouse.inputactions
  artifactKey: Guid(ddebb690adbaac64f8d3f66bf66a0d31) Importer(815301076,1909f56bfc062723c751e8b465ee728b)
Start importing Assets/Scripts/Grid/Mouse.inputactions using Guid(ddebb690adbaac64f8d3f66bf66a0d31) Importer(815301076,1909f56bfc062723c751e8b465ee728b)  -> (artifact id: '545a2a255a08f26bd4332602fe0706b4') in 0.006801 seconds
  Import took 0.009678 seconds .

========================================================================
Received Import Request.
  Time since last request: 0.001777 seconds.
  path: Assets/Scripts/Grid/Mouse.inputactions
  artifactKey: Guid(ddebb690adbaac64f8d3f66bf66a0d31) Importer(815301076,1909f56bfc062723c751e8b465ee728b)
Start importing Assets/Scripts/Grid/Mouse.inputactions using Guid(ddebb690adbaac64f8d3f66bf66a0d31) Importer(815301076,1909f56bfc062723c751e8b465ee728b)  -> (artifact id: '545a2a255a08f26bd4332602fe0706b4') in 0.007286 seconds
  Import took 0.010204 seconds .

========================================================================
Received Import Request.
  Time since last request: 77.888685 seconds.
  path: Assets/Scripts/Grid/Mouse.inputactions
  artifactKey: Guid(ddebb690adbaac64f8d3f66bf66a0d31) Importer(815301076,1909f56bfc062723c751e8b465ee728b)
Start importing Assets/Scripts/Grid/Mouse.inputactions using Guid(ddebb690adbaac64f8d3f66bf66a0d31) Importer(815301076,1909f56bfc062723c751e8b465ee728b)  -> (artifact id: '3db818086301b928840edf0ae068cdfd') in 0.008071 seconds
  Import took 0.010734 seconds .

========================================================================
Received Import Request.
  Time since last request: 46.204289 seconds.
  path: Assets/Scripts/Grid/Mouse.inputactions
  artifactKey: Guid(ddebb690adbaac64f8d3f66bf66a0d31) Importer(815301076,1909f56bfc062723c751e8b465ee728b)
Start importing Assets/Scripts/Grid/Mouse.inputactions using Guid(ddebb690adbaac64f8d3f66bf66a0d31) Importer(815301076,1909f56bfc062723c751e8b465ee728b)  -> (artifact id: '1b2f43e42716eb8a175f8595b88091f7') in 0.004705 seconds
  Import took 0.006995 seconds .

========================================================================
Received Import Request.
  Time since last request: 0.001815 seconds.
  path: Assets/Scripts/Grid/Mouse.inputactions
  artifactKey: Guid(ddebb690adbaac64f8d3f66bf66a0d31) Importer(815301076,1909f56bfc062723c751e8b465ee728b)
Start importing Assets/Scripts/Grid/Mouse.inputactions using Guid(ddebb690adbaac64f8d3f66bf66a0d31) Importer(815301076,1909f56bfc062723c751e8b465ee728b)  -> (artifact id: '1b2f43e42716eb8a175f8595b88091f7') in 0.004387 seconds
  Import took 0.006936 seconds .

========================================================================
Received Prepare
Registering precompiled user dll's ...
Registered in 0.000816 seconds.
Begin MonoManager ReloadAssembly
Native extension for WindowsStandalone target not found
Refreshing native plugins compatible for Editor in 0.22 ms, found 0 plugins.
Preloading 0 native plugins for Editor in 0.00 ms.
Invoked RoslynAnalysisRunner static constructor.
RoslynAnalysisRunner will not be running.
RoslynAnalysisRunner has terminated.
Mono: successfully reloaded assembly
- Completed reload, in  0.883 seconds
Platform modules already initialized, skipping
Refreshing native plugins compatible for Editor in 0.22 ms, found 0 plugins.
Preloading 0 native plugins for Editor in 0.00 ms.
Unloading 1391 Unused Serialized files (Serialized files now loaded: 0)
System memory in use before: 67.0 MB.
System memory in use after: 67.1 MB.

Unloading 5 unused Assets to reduce memory usage. Loaded Objects now: 1841.
Total: 1.821900 ms (FindLiveObjects: 0.142200 ms CreateObjectMapping: 0.049800 ms MarkObjects: 1.585700 ms  DeleteObjects: 0.043100 ms)

========================================================================
Received Import Request.
  Time since last request: 33.088500 seconds.
  path: Assets/Scripts/Grid/Mouse.inputactions
  artifactKey: Guid(ddebb690adbaac64f8d3f66bf66a0d31) Importer(815301076,1909f56bfc062723c751e8b465ee728b)
Start importing Assets/Scripts/Grid/Mouse.inputactions using Guid(ddebb690adbaac64f8d3f66bf66a0d31) Importer(815301076,1909f56bfc062723c751e8b465ee728b)  -> (artifact id: 'b88e07594a4060aaca808b8a0b44fc5b') in 0.022203 seconds
  Import took 0.024265 seconds .

========================================================================
Received Import Request.
  Time since last request: 2.111198 seconds.
  path: Assets/Scripts/Grid/Mouse.cs
  artifactKey: Guid(67d4afbb74e47024b8d8f7e43b059a1a) Importer(815301076,1909f56bfc062723c751e8b465ee728b)
Start importing Assets/Scripts/Grid/Mouse.cs using Guid(67d4afbb74e47024b8d8f7e43b059a1a) Importer(815301076,1909f56bfc062723c751e8b465ee728b)  -> (artifact id: '8df2fb6a1049aeb41102f28a70cde72c') in 0.012891 seconds
  Import took 0.015646 seconds .

========================================================================
Received Import Request.
  Time since last request: 0.024792 seconds.
  path: Assets/Scripts/Grid/Mouse.cs
  artifactKey: Guid(67d4afbb74e47024b8d8f7e43b059a1a) Importer(815301076,1909f56bfc062723c751e8b465ee728b)
Start importing Assets/Scripts/Grid/Mouse.cs using Guid(67d4afbb74e47024b8d8f7e43b059a1a) Importer(815301076,1909f56bfc062723c751e8b465ee728b)  -> (artifact id: '8df2fb6a1049aeb41102f28a70cde72c') in 0.003770 seconds
  Import took 0.006042 seconds .

========================================================================
Received Prepare
Registering precompiled user dll's ...
Registered in 0.001080 seconds.
Begin MonoManager ReloadAssembly
Native extension for WindowsStandalone target not found
Refreshing native plugins compatible for Editor in 0.22 ms, found 0 plugins.
Preloading 0 native plugins for Editor in 0.00 ms.
Invoked RoslynAnalysisRunner static constructor.
RoslynAnalysisRunner will not be running.
RoslynAnalysisRunner has terminated.
Mono: successfully reloaded assembly
- Completed reload, in  0.940 seconds
Platform modules already initialized, skipping
Refreshing native plugins compatible for Editor in 0.25 ms, found 0 plugins.
Preloading 0 native plugins for Editor in 0.00 ms.
Unloading 1391 Unused Serialized files (Serialized files now loaded: 0)
System memory in use before: 67.1 MB.
System memory in use after: 67.2 MB.

Unloading 6 unused Assets to reduce memory usage. Loaded Objects now: 1843.
Total: 1.972600 ms (FindLiveObjects: 0.219600 ms CreateObjectMapping: 0.072800 ms MarkObjects: 1.622700 ms  DeleteObjects: 0.056400 ms)

========================================================================
Received Import Request.
  Time since last request: 21.826800 seconds.
  path: Assets/Scripts/Grid/PointClick.cs
  artifactKey: Guid(a98b01feddb8405448e373d13d0212bd) Importer(815301076,1909f56bfc062723c751e8b465ee728b)
Start importing Assets/Scripts/Grid/PointClick.cs using Guid(a98b01feddb8405448e373d13d0212bd) Importer(815301076,1909f56bfc062723c751e8b465ee728b)  -> (artifact id: '19af14f5f0e6ad6934908d610d747910') in 0.014398 seconds
  Import took 0.016972 seconds .

========================================================================
Received Prepare
Registering precompiled user dll's ...
Registered in 0.000791 seconds.
Begin MonoManager ReloadAssembly
Native extension for WindowsStandalone target not found
Refreshing native plugins compatible for Editor in 0.22 ms, found 0 plugins.
Preloading 0 native plugins for Editor in 0.00 ms.
Invoked RoslynAnalysisRunner static constructor.
RoslynAnalysisRunner will not be running.
RoslynAnalysisRunner has terminated.
Mono: successfully reloaded assembly
- Completed reload, in  0.830 seconds
Platform modules already initialized, skipping
Refreshing native plugins compatible for Editor in 0.31 ms, found 0 plugins.
Preloading 0 native plugins for Editor in 0.00 ms.
Unloading 1392 Unused Serialized files (Serialized files now loaded: 0)
System memory in use before: 67.2 MB.
System memory in use after: 67.3 MB.

Unloading 5 unused Assets to reduce memory usage. Loaded Objects now: 1846.
Total: 1.735500 ms (FindLiveObjects: 0.198700 ms CreateObjectMapping: 0.052400 ms MarkObjects: 1.431100 ms  DeleteObjects: 0.038800 ms)

========================================================================
Received Prepare
Registering precompiled user dll's ...
Registered in 0.000832 seconds.
Begin MonoManager ReloadAssembly
Native extension for WindowsStandalone target not found
Refreshing native plugins compatible for Editor in 0.41 ms, found 0 plugins.
Preloading 0 native plugins for Editor in 0.00 ms.
Invoked RoslynAnalysisRunner static constructor.
RoslynAnalysisRunner will not be running.
RoslynAnalysisRunner has terminated.
Mono: successfully reloaded assembly
- Completed reload, in  0.840 seconds
Platform modules already initialized, skipping
Refreshing native plugins compatible for Editor in 0.22 ms, found 0 plugins.
Preloading 0 native plugins for Editor in 0.00 ms.
Unloading 1392 Unused Serialized files (Serialized files now loaded: 0)
System memory in use before: 67.3 MB.
System memory in use after: 67.3 MB.

Unloading 5 unused Assets to reduce memory usage. Loaded Objects now: 1848.
Total: 1.913700 ms (FindLiveObjects: 0.183100 ms CreateObjectMapping: 0.063300 ms MarkObjects: 1.614800 ms  DeleteObjects: 0.051200 ms)

========================================================================
Received Import Request.
  Time since last request: 801.669632 seconds.
  path: Assets/Scripts/Grid/PointClick.cs
  artifactKey: Guid(a98b01feddb8405448e373d13d0212bd) Importer(815301076,1909f56bfc062723c751e8b465ee728b)
Start importing Assets/Scripts/Grid/PointClick.cs using Guid(a98b01feddb8405448e373d13d0212bd) Importer(815301076,1909f56bfc062723c751e8b465ee728b)  -> (artifact id: 'd15a01f9eaf3874f51a6fee77a95bd45') in 0.008320 seconds
  Import took 0.010462 seconds .

========================================================================
Received Import Request.
  Time since last request: 1.262755 seconds.
  path: Assets/Grid_Green.png
  artifactKey: Guid(2d102b3c4432b454797372b055e6a80f) Importer(815301076,1909f56bfc062723c751e8b465ee728b)
Start importing Assets/Grid_Green.png using Guid(2d102b3c4432b454797372b055e6a80f) Importer(815301076,1909f56bfc062723c751e8b465ee728b)  -> (artifact id: '7b4172ef3c0c0e66a0f5606721bfab0f') in 0.060572 seconds
  Import took 0.062919 seconds .

========================================================================
Received Prepare
Registering precompiled user dll's ...
Registered in 0.000833 seconds.
Begin MonoManager ReloadAssembly
Native extension for WindowsStandalone target not found
Refreshing native plugins compatible for Editor in 0.22 ms, found 0 plugins.
Preloading 0 native plugins for Editor in 0.00 ms.
Invoked RoslynAnalysisRunner static constructor.
RoslynAnalysisRunner will not be running.
RoslynAnalysisRunner has terminated.
Mono: successfully reloaded assembly
- Completed reload, in  0.939 seconds
Platform modules already initialized, skipping
Refreshing native plugins compatible for Editor in 0.22 ms, found 0 plugins.
Preloading 0 native plugins for Editor in 0.00 ms.
Unloading 1392 Unused Serialized files (Serialized files now loaded: 0)
System memory in use before: 67.4 MB.
System memory in use after: 67.4 MB.

Unloading 5 unused Assets to reduce memory usage. Loaded Objects now: 1852.
Total: 2.148500 ms (FindLiveObjects: 0.200000 ms CreateObjectMapping: 0.055300 ms MarkObjects: 1.839800 ms  DeleteObjects: 0.052100 ms)

========================================================================
Received Import Request.
  Time since last request: 215.692041 seconds.
  path: Assets/Scripts
  artifactKey: Guid(34ec932a58367d94a9707ada0b31a63a) Importer(815301076,1909f56bfc062723c751e8b465ee728b)
Start importing Assets/Scripts using Guid(34ec932a58367d94a9707ada0b31a63a) Importer(815301076,1909f56bfc062723c751e8b465ee728b)  -> (artifact id: 'afec23ca3e3b7810e44386c0971f9537') in 0.010636 seconds
  Import took 0.013733 seconds .

========================================================================
Received Prepare
Registering precompiled user dll's ...
Registered in 0.001256 seconds.
Begin MonoManager ReloadAssembly
Native extension for WindowsStandalone target not found
Refreshing native plugins compatible for Editor in 0.23 ms, found 0 plugins.
Preloading 0 native plugins for Editor in 0.00 ms.
Invoked RoslynAnalysisRunner static constructor.
RoslynAnalysisRunner will not be running.
RoslynAnalysisRunner has terminated.
Mono: successfully reloaded assembly
- Completed reload, in  0.984 seconds
Platform modules already initialized, skipping
Refreshing native plugins compatible for Editor in 0.35 ms, found 0 plugins.
Preloading 0 native plugins for Editor in 0.00 ms.
Unloading 1432 Unused Serialized files (Serialized files now loaded: 0)
System memory in use before: 68.7 MB.
System memory in use after: 68.7 MB.

Unloading 5 unused Assets to reduce memory usage. Loaded Objects now: 1898.
Total: 1.938000 ms (FindLiveObjects: 0.251700 ms CreateObjectMapping: 0.077600 ms MarkObjects: 1.553300 ms  DeleteObjects: 0.054000 ms)

========================================================================
Received Prepare
Registering precompiled user dll's ...
Registered in 0.000977 seconds.
Begin MonoManager ReloadAssembly
Native extension for WindowsStandalone target not found
Refreshing native plugins compatible for Editor in 0.23 ms, found 0 plugins.
Preloading 0 native plugins for Editor in 0.00 ms.
Invoked RoslynAnalysisRunner static constructor.
RoslynAnalysisRunner will not be running.
RoslynAnalysisRunner has terminated.
Mono: successfully reloaded assembly
- Completed reload, in  0.915 seconds
Platform modules already initialized, skipping
Refreshing native plugins compatible for Editor in 0.22 ms, found 0 plugins.
Preloading 0 native plugins for Editor in 0.00 ms.
Unloading 1432 Unused Serialized files (Serialized files now loaded: 0)
System memory in use before: 68.7 MB.
System memory in use after: 68.8 MB.

Unloading 5 unused Assets to reduce memory usage. Loaded Objects now: 1900.
Total: 1.881500 ms (FindLiveObjects: 0.153300 ms CreateObjectMapping: 0.056000 ms MarkObjects: 1.619900 ms  DeleteObjects: 0.051600 ms)

========================================================================
Received Prepare
Registering precompiled user dll's ...
Registered in 0.000801 seconds.
Begin MonoManager ReloadAssembly
Native extension for WindowsStandalone target not found
Refreshing native plugins compatible for Editor in 0.22 ms, found 0 plugins.
Preloading 0 native plugins for Editor in 0.00 ms.
Invoked RoslynAnalysisRunner static constructor.
RoslynAnalysisRunner will not be running.
RoslynAnalysisRunner has terminated.
Mono: successfully reloaded assembly
- Completed reload, in  0.841 seconds
Platform modules already initialized, skipping
Refreshing native plugins compatible for Editor in 0.22 ms, found 0 plugins.
Preloading 0 native plugins for Editor in 0.00 ms.
Unloading 1432 Unused Serialized files (Serialized files now loaded: 0)
System memory in use before: 68.8 MB.
System memory in use after: 68.9 MB.

Unloading 5 unused Assets to reduce memory usage. Loaded Objects now: 1902.
Total: 1.895000 ms (FindLiveObjects: 0.139100 ms CreateObjectMapping: 0.042600 ms MarkObjects: 1.666300 ms  DeleteObjects: 0.045800 ms)

========================================================================
Received Prepare
Registering precompiled user dll's ...
Registered in 0.001007 seconds.
Begin MonoManager ReloadAssembly
Native extension for WindowsStandalone target not found
Refreshing native plugins compatible for Editor in 0.24 ms, found 0 plugins.
Preloading 0 native plugins for Editor in 0.00 ms.
Invoked RoslynAnalysisRunner static constructor.
RoslynAnalysisRunner will not be running.
RoslynAnalysisRunner has terminated.
Mono: successfully reloaded assembly
- Completed reload, in  0.924 seconds
Platform modules already initialized, skipping
Refreshing native plugins compatible for Editor in 0.23 ms, found 0 plugins.
Preloading 0 native plugins for Editor in 0.00 ms.
Unloading 1432 Unused Serialized files (Serialized files now loaded: 0)
System memory in use before: 68.9 MB.
System memory in use after: 69.0 MB.

Unloading 5 unused Assets to reduce memory usage. Loaded Objects now: 1904.
Total: 1.757000 ms (FindLiveObjects: 0.180800 ms CreateObjectMapping: 0.065500 ms MarkObjects: 1.464700 ms  DeleteObjects: 0.044500 ms)

========================================================================
Received Import Request.
  Time since last request: 1575.563827 seconds.
  path: Assets/Assets_DevilsWorkShop/Low_Poly_Pixel_2D_Blocks_DevilsWorkShop_v04
  artifactKey: Guid(d1f223b80d96e74448b1331cc64940be) Importer(815301076,1909f56bfc062723c751e8b465ee728b)
Start importing Assets/Assets_DevilsWorkShop/Low_Poly_Pixel_2D_Blocks_DevilsWorkShop_v04 using Guid(d1f223b80d96e74448b1331cc64940be) Importer(815301076,1909f56bfc062723c751e8b465ee728b)  -> (artifact id: 'd2fe089fa007894b74c52b9452ce2a97') in 0.011794 seconds
  Import took 0.014970 seconds .

========================================================================
Received Import Request.
  Time since last request: 2.403124 seconds.
  path: Assets/Assets_DevilsWorkShop/Low_Poly_Pixel_2D_Blocks_DevilsWorkShop_v04/Scene
  artifactKey: Guid(2efe506726d3a2d418b92c2a6ae688c4) Importer(815301076,1909f56bfc062723c751e8b465ee728b)
Start importing Assets/Assets_DevilsWorkShop/Low_Poly_Pixel_2D_Blocks_DevilsWorkShop_v04/Scene using Guid(2efe506726d3a2d418b92c2a6ae688c4) Importer(815301076,1909f56bfc062723c751e8b465ee728b)  -> (artifact id: '2330477ff2d4858916b184281cdf8bbe') in 0.008193 seconds
  Import took 0.010541 seconds .

========================================================================
Received Import Request.
  Time since last request: 1.150408 seconds.
  path: Assets/Assets_DevilsWorkShop/Low_Poly_Pixel_2D_Blocks_DevilsWorkShop_v04/Scene/Sample Scene.unity
  artifactKey: Guid(b5dd932e9451dea4d83fee61062a63f7) Importer(815301076,1909f56bfc062723c751e8b465ee728b)
Start importing Assets/Assets_DevilsWorkShop/Low_Poly_Pixel_2D_Blocks_DevilsWorkShop_v04/Scene/Sample Scene.unity using Guid(b5dd932e9451dea4d83fee61062a63f7) Importer(815301076,1909f56bfc062723c751e8b465ee728b)  -> (artifact id: '5c9b74a29b94cfdcb016ce915054842a') in 0.015950 seconds
  Import took 0.018785 seconds .

========================================================================
Received Import Request.
  Time since last request: 5.076306 seconds.
  path: Assets/Scenes
  artifactKey: Guid(0f9949ef551780e408cf97111785dd66) Importer(815301076,1909f56bfc062723c751e8b465ee728b)
Start importing Assets/Scenes using Guid(0f9949ef551780e408cf97111785dd66) Importer(815301076,1909f56bfc062723c751e8b465ee728b)  -> (artifact id: '893004e293b75f841373e41faf9528cc') in 0.008169 seconds
  Import took 0.010357 seconds .

========================================================================
Received Import Request.
  Time since last request: 0.597387 seconds.
  path: Assets/Scenes/Game.unity
  artifactKey: Guid(9fc0d4010bbf28b4594072e72b8655ab) Importer(815301076,1909f56bfc062723c751e8b465ee728b)
Start importing Assets/Scenes/Game.unity using Guid(9fc0d4010bbf28b4594072e72b8655ab) Importer(815301076,1909f56bfc062723c751e8b465ee728b)  -> (artifact id: 'a021fd4a95f4cfdec28e5040f690e56d') in 0.009208 seconds
  Import took 0.011403 seconds .

========================================================================
Received Import Request.
  Time since last request: 9.022794 seconds.
  path: Assets/Assets_DevilsWorkShop/Low_Poly_Pixel_2D_Blocks_DevilsWorkShop_v04/Prefabs/assets_1024x1024
  artifactKey: Guid(3baee4eb250dba84ea1f87438f3e76e5) Importer(815301076,1909f56bfc062723c751e8b465ee728b)
Start importing Assets/Assets_DevilsWorkShop/Low_Poly_Pixel_2D_Blocks_DevilsWorkShop_v04/Prefabs/assets_1024x1024 using Guid(3baee4eb250dba84ea1f87438f3e76e5) Importer(815301076,1909f56bfc062723c751e8b465ee728b)  -> (artifact id: 'ca88d47c5abd36a22ca5930bd2824ea8') in 0.009137 seconds
  Import took 0.011725 seconds .

========================================================================
Received Import Request.
  Time since last request: 0.073416 seconds.
  path: Assets/Assets_DevilsWorkShop/Low_Poly_Pixel_2D_Blocks_DevilsWorkShop_v04/Prefabs/assets_1024x1024/isometric_0055.prefab
  artifactKey: Guid(4ccfdd3dd9e19454e85d0482c253d8bc) Importer(815301076,1909f56bfc062723c751e8b465ee728b)
Start importing Assets/Assets_DevilsWorkShop/Low_Poly_Pixel_2D_Blocks_DevilsWorkShop_v04/Prefabs/assets_1024x1024/isometric_0055.prefab using Guid(4ccfdd3dd9e19454e85d0482c253d8bc) Importer(815301076,1909f56bfc062723c751e8b465ee728b)  -> (artifact id: 'c16e78d27a44d0f7b884790cae53340e') in 0.091752 seconds
  Import took 0.094658 seconds .

========================================================================
Received Import Request.
  Time since last request: 0.000301 seconds.
  path: Assets/Assets_DevilsWorkShop/Low_Poly_Pixel_2D_Blocks_DevilsWorkShop_v04/Prefabs/assets_1024x1024/isometric_0208.prefab
  artifactKey: Guid(e5ea39b42a316f5428ce2be6fc1805ec) Importer(815301076,1909f56bfc062723c751e8b465ee728b)
Start importing Assets/Assets_DevilsWorkShop/Low_Poly_Pixel_2D_Blocks_DevilsWorkShop_v04/Prefabs/assets_1024x1024/isometric_0208.prefab using Guid(e5ea39b42a316f5428ce2be6fc1805ec) Importer(815301076,1909f56bfc062723c751e8b465ee728b)  -> (artifact id: '63034a9bc0a5491563cc7c5abf865a2a') in 0.023238 seconds
  Import took 0.025566 seconds .

========================================================================
Received Import Request.
  Time since last request: 0.004146 seconds.
  path: Assets/Assets_DevilsWorkShop/Low_Poly_Pixel_2D_Blocks_DevilsWorkShop_v04/Prefabs/assets_1024x1024/isometric_0208.prefab
  artifactKey: Guid(e5ea39b42a316f5428ce2be6fc1805ec) Importer(815301076,1909f56bfc062723c751e8b465ee728b)
Start importing Assets/Assets_DevilsWorkShop/Low_Poly_Pixel_2D_Blocks_DevilsWorkShop_v04/Prefabs/assets_1024x1024/isometric_0208.prefab using Guid(e5ea39b42a316f5428ce2be6fc1805ec) Importer(815301076,1909f56bfc062723c751e8b465ee728b)  -> (artifact id: '63034a9bc0a5491563cc7c5abf865a2a') in 0.022221 seconds
  Import took 0.025078 seconds .

========================================================================
Received Import Request.
  Time since last request: 5.521850 seconds.
  path: Assets/Assets_DevilsWorkShop/Low_Poly_Pixel_2D_Blocks_DevilsWorkShop_v04/Textures/assets_1024x1024/isometric_0055.png
  artifactKey: Guid(bd48400dd38bc8b458f79b5cb36b3184) Importer(815301076,1909f56bfc062723c751e8b465ee728b)
Start importing Assets/Assets_DevilsWorkShop/Low_Poly_Pixel_2D_Blocks_DevilsWorkShop_v04/Textures/assets_1024x1024/isometric_0055.png using Guid(bd48400dd38bc8b458f79b5cb36b3184) Importer(815301076,1909f56bfc062723c751e8b465ee728b)  -> (artifact id: '30f46ce5d866dbb68873b8d7a4c753c0') in 0.034776 seconds
  Import took 0.037336 seconds .

========================================================================
Received Import Request.
  Time since last request: 0.000288 seconds.
  path: Assets/Assets_DevilsWorkShop/Low_Poly_Pixel_2D_Blocks_DevilsWorkShop_v04/Textures/assets_1024x1024/isometric_0208.png
  artifactKey: Guid(fa4b0e962353fd944a81916d3246bb1f) Importer(815301076,1909f56bfc062723c751e8b465ee728b)
Start importing Assets/Assets_DevilsWorkShop/Low_Poly_Pixel_2D_Blocks_DevilsWorkShop_v04/Textures/assets_1024x1024/isometric_0208.png using Guid(fa4b0e962353fd944a81916d3246bb1f) Importer(815301076,1909f56bfc062723c751e8b465ee728b)  -> (artifact id: '2025ca5d662e19a4416ca8d577f65345') in 0.023401 seconds
  Import took 0.026664 seconds .

========================================================================
Received Import Request.
  Time since last request: 239.049861 seconds.
  path: Assets/Assets_DevilsWorkShop/Low_Poly_Pixel_2D_Blocks_DevilsWorkShop_v04/Textures/assets_1024x1024/isometric_0208.png
  artifactKey: Guid(fa4b0e962353fd944a81916d3246bb1f) Importer(815301076,1909f56bfc062723c751e8b465ee728b)
Start importing Assets/Assets_DevilsWorkShop/Low_Poly_Pixel_2D_Blocks_DevilsWorkShop_v04/Textures/assets_1024x1024/isometric_0208.png using Guid(fa4b0e962353fd944a81916d3246bb1f) Importer(815301076,1909f56bfc062723c751e8b465ee728b)  -> (artifact id: '233ada834976c9adac838560ba445923') in 0.024520 seconds
  Import took 0.027766 seconds .

========================================================================
Received Import Request.
  Time since last request: 0.016589 seconds.
  path: Assets/Assets_DevilsWorkShop/Low_Poly_Pixel_2D_Blocks_DevilsWorkShop_v04/Textures/assets_1024x1024/isometric_0055.png
  artifactKey: Guid(bd48400dd38bc8b458f79b5cb36b3184) Importer(815301076,1909f56bfc062723c751e8b465ee728b)
Start importing Assets/Assets_DevilsWorkShop/Low_Poly_Pixel_2D_Blocks_DevilsWorkShop_v04/Textures/assets_1024x1024/isometric_0055.png using Guid(bd48400dd38bc8b458f79b5cb36b3184) Importer(815301076,1909f56bfc062723c751e8b465ee728b)  -> (artifact id: '17074a806bc84539501c32b94d8e0777') in 0.043163 seconds
  Import took 0.046348 seconds .

========================================================================
Received Import Request.
  Time since last request: 201.927033 seconds.
  path: Assets/Scripts/Grid/PointClick.cs
  artifactKey: Guid(a98b01feddb8405448e373d13d0212bd) Importer(815301076,1909f56bfc062723c751e8b465ee728b)
Start importing Assets/Scripts/Grid/PointClick.cs using Guid(a98b01feddb8405448e373d13d0212bd) Importer(815301076,1909f56bfc062723c751e8b465ee728b)  -> (artifact id: '63834f9199a606033ed41baf14236453') in 0.007256 seconds
  Import took 0.009955 seconds .

========================================================================
Received Import Request.
  Time since last request: 0.003169 seconds.
  path: Assets/Scripts/Grid/PointClick.cs
  artifactKey: Guid(a98b01feddb8405448e373d13d0212bd) Importer(815301076,1909f56bfc062723c751e8b465ee728b)
Start importing Assets/Scripts/Grid/PointClick.cs using Guid(a98b01feddb8405448e373d13d0212bd) Importer(815301076,1909f56bfc062723c751e8b465ee728b)  -> (artifact id: '63834f9199a606033ed41baf14236453') in 0.003804 seconds
  Import took 0.006661 seconds .

========================================================================
Received Prepare
Registering precompiled user dll's ...
Registered in 0.000797 seconds.
Begin MonoManager ReloadAssembly
Native extension for WindowsStandalone target not found
Refreshing native plugins compatible for Editor in 0.24 ms, found 0 plugins.
Preloading 0 native plugins for Editor in 0.00 ms.
Invoked RoslynAnalysisRunner static constructor.
RoslynAnalysisRunner will not be running.
RoslynAnalysisRunner has terminated.
Mono: successfully reloaded assembly
- Completed reload, in  0.844 seconds
Platform modules already initialized, skipping
Refreshing native plugins compatible for Editor in 0.36 ms, found 0 plugins.
Preloading 0 native plugins for Editor in 0.00 ms.
Unloading 1432 Unused Serialized files (Serialized files now loaded: 0)
System memory in use before: 72.1 MB.
System memory in use after: 72.2 MB.

Unloading 5 unused Assets to reduce memory usage. Loaded Objects now: 1913.
Total: 1.839800 ms (FindLiveObjects: 0.157300 ms CreateObjectMapping: 0.053500 ms MarkObjects: 1.587200 ms  DeleteObjects: 0.040900 ms)

========================================================================
Received Prepare
Registering precompiled user dll's ...
Registered in 0.000881 seconds.
Begin MonoManager ReloadAssembly
Native extension for WindowsStandalone target not found
Refreshing native plugins compatible for Editor in 0.23 ms, found 0 plugins.
Preloading 0 native plugins for Editor in 0.00 ms.
Invoked RoslynAnalysisRunner static constructor.
RoslynAnalysisRunner will not be running.
RoslynAnalysisRunner has terminated.
Mono: successfully reloaded assembly
- Completed reload, in  0.860 seconds
Platform modules already initialized, skipping
Refreshing native plugins compatible for Editor in 0.22 ms, found 0 plugins.
Preloading 0 native plugins for Editor in 0.00 ms.
Unloading 1432 Unused Serialized files (Serialized files now loaded: 0)
System memory in use before: 72.2 MB.
System memory in use after: 72.3 MB.

Unloading 5 unused Assets to reduce memory usage. Loaded Objects now: 1915.
Total: 2.046300 ms (FindLiveObjects: 0.170300 ms CreateObjectMapping: 0.049400 ms MarkObjects: 1.784400 ms  DeleteObjects: 0.041000 ms)

========================================================================
Received Prepare
Registering precompiled user dll's ...
Registered in 0.001420 seconds.
Begin MonoManager ReloadAssembly
Native extension for WindowsStandalone target not found
Refreshing native plugins compatible for Editor in 0.23 ms, found 0 plugins.
Preloading 0 native plugins for Editor in 0.00 ms.
Invoked RoslynAnalysisRunner static constructor.
RoslynAnalysisRunner will not be running.
RoslynAnalysisRunner has terminated.
Mono: successfully reloaded assembly
- Completed reload, in  1.054 seconds
Platform modules already initialized, skipping
Refreshing native plugins compatible for Editor in 0.22 ms, found 0 plugins.
Preloading 0 native plugins for Editor in 0.00 ms.
Unloading 1392 Unused Serialized files (Serialized files now loaded: 0)
System memory in use before: 71.4 MB.
System memory in use after: 71.5 MB.

Unloading 5 unused Assets to reduce memory usage. Loaded Objects now: 1917.
Total: 2.076700 ms (FindLiveObjects: 0.233500 ms CreateObjectMapping: 0.093700 ms MarkObjects: 1.640000 ms  DeleteObjects: 0.089200 ms)

========================================================================
Received Import Request.
  Time since last request: 665.335236 seconds.
  path: Assets/FantasyCastleDemo/Prefabs/barrel.prefab
  artifactKey: Guid(da0529ba1785f4b44b0d561822516764) Importer(815301076,1909f56bfc062723c751e8b465ee728b)
Start importing Assets/FantasyCastleDemo/Prefabs/barrel.prefab using Guid(da0529ba1785f4b44b0d561822516764) Importer(815301076,1909f56bfc062723c751e8b465ee728b)  -> (artifact id: '7e93c080f47ba1cb38d6077f1571bfb3') in 0.338002 seconds
  Import took 0.340695 seconds .

========================================================================
Received Import Request.
  Time since last request: 0.000322 seconds.
  path: Assets/FantasyCastleDemo/Prefabs/wall1.prefab
  artifactKey: Guid(d3307fcd92db76241a129658726d2bae) Importer(815301076,1909f56bfc062723c751e8b465ee728b)
Start importing Assets/FantasyCastleDemo/Prefabs/wall1.prefab using Guid(d3307fcd92db76241a129658726d2bae) Importer(815301076,1909f56bfc062723c751e8b465ee728b)  -> (artifact id: '751f54805a3a66049ddc7497913862d3') in 0.075515 seconds
  Import took 0.077771 seconds .

========================================================================
Received Import Request.
  Time since last request: 0.000291 seconds.
  path: Assets/FantasyCastleDemo/Prefabs/pillar1.prefab
  artifactKey: Guid(90056d289ec8ac64985f91c79e042af3) Importer(815301076,1909f56bfc062723c751e8b465ee728b)
Start importing Assets/FantasyCastleDemo/Prefabs/pillar1.prefab using Guid(90056d289ec8ac64985f91c79e042af3) Importer(815301076,1909f56bfc062723c751e8b465ee728b)  -> (artifact id: 'a25e0f35bcf1048522b934769c7a6f2b') in 0.026066 seconds
  Import took 0.028908 seconds .

========================================================================
Received Import Request.
  Time since last request: 0.000430 seconds.
  path: Assets/FantasyCastleDemo/Prefabs/ground1.prefab
  artifactKey: Guid(aadcb7fd3d069dd4ea515dab1bd7998a) Importer(815301076,1909f56bfc062723c751e8b465ee728b)
Start importing Assets/FantasyCastleDemo/Prefabs/ground1.prefab using Guid(aadcb7fd3d069dd4ea515dab1bd7998a) Importer(815301076,1909f56bfc062723c751e8b465ee728b)  -> (artifact id: 'ee0fa28600d617a3b18d8cd7dfe02c5a') in 0.027901 seconds
  Import took 0.030635 seconds .

========================================================================
Received Prepare
Registering precompiled user dll's ...
Registered in 0.000848 seconds.
Begin MonoManager ReloadAssembly
Native extension for WindowsStandalone target not found
Refreshing native plugins compatible for Editor in 0.23 ms, found 0 plugins.
Preloading 0 native plugins for Editor in 0.00 ms.
Invoked RoslynAnalysisRunner static constructor.
RoslynAnalysisRunner will not be running.
RoslynAnalysisRunner has terminated.
Mono: successfully reloaded assembly
- Completed reload, in  0.857 seconds
Platform modules already initialized, skipping
Refreshing native plugins compatible for Editor in 0.26 ms, found 0 plugins.
Preloading 0 native plugins for Editor in 0.00 ms.
Unloading 1392 Unused Serialized files (Serialized files now loaded: 0)
System memory in use before: 72.0 MB.
System memory in use after: 72.0 MB.

Unloading 5 unused Assets to reduce memory usage. Loaded Objects now: 1921.
Total: 3.126100 ms (FindLiveObjects: 0.286500 ms CreateObjectMapping: 0.103700 ms MarkObjects: 2.675600 ms  DeleteObjects: 0.058500 ms)

========================================================================
Received Import Request.
  Time since last request: 305.631362 seconds.
  path: Assets/Scripts/Grid/MouseInput.cs
  artifactKey: Guid(5ab3a949ed773ce47ab53879e41f8a5a) Importer(815301076,1909f56bfc062723c751e8b465ee728b)
Start importing Assets/Scripts/Grid/MouseInput.cs using Guid(5ab3a949ed773ce47ab53879e41f8a5a) Importer(815301076,1909f56bfc062723c751e8b465ee728b)  -> (artifact id: '050f58829d8f9112f0cc81e2d6e3184d') in 0.011671 seconds
  Import took 0.015103 seconds .

========================================================================
Received Import Request.
  Time since last request: 0.000391 seconds.
  path: Assets/Scripts/Grid/PointClick.cs
  artifactKey: Guid(a98b01feddb8405448e373d13d0212bd) Importer(815301076,1909f56bfc062723c751e8b465ee728b)
Start importing Assets/Scripts/Grid/PointClick.cs using Guid(a98b01feddb8405448e373d13d0212bd) Importer(815301076,1909f56bfc062723c751e8b465ee728b)  -> (artifact id: '4efa4bafdb0f20342c4f4f10a4b8a84d') in 0.004202 seconds
  Import took 0.006578 seconds .

========================================================================
Received Prepare
Registering precompiled user dll's ...
Registered in 0.001279 seconds.
Begin MonoManager ReloadAssembly
Native extension for WindowsStandalone target not found
Refreshing native plugins compatible for Editor in 0.23 ms, found 0 plugins.
Preloading 0 native plugins for Editor in 0.00 ms.
Invoked RoslynAnalysisRunner static constructor.
RoslynAnalysisRunner will not be running.
RoslynAnalysisRunner has terminated.
Mono: successfully reloaded assembly
- Completed reload, in  0.955 seconds
Platform modules already initialized, skipping
Refreshing native plugins compatible for Editor in 0.23 ms, found 0 plugins.
Preloading 0 native plugins for Editor in 0.00 ms.
Unloading 1392 Unused Serialized files (Serialized files now loaded: 0)
System memory in use before: 72.0 MB.
System memory in use after: 72.1 MB.

Unloading 5 unused Assets to reduce memory usage. Loaded Objects now: 1923.
Total: 2.273900 ms (FindLiveObjects: 0.264600 ms CreateObjectMapping: 0.084200 ms MarkObjects: 1.873300 ms  DeleteObjects: 0.050200 ms)

========================================================================
Received Prepare
Registering precompiled user dll's ...
Registered in 0.000864 seconds.
Begin MonoManager ReloadAssembly
Native extension for WindowsStandalone target not found
Refreshing native plugins compatible for Editor in 0.23 ms, found 0 plugins.
Preloading 0 native plugins for Editor in 0.00 ms.
Invoked RoslynAnalysisRunner static constructor.
RoslynAnalysisRunner will not be running.
RoslynAnalysisRunner has terminated.
Mono: successfully reloaded assembly
- Completed reload, in  1.184 seconds
Platform modules already initialized, skipping
Refreshing native plugins compatible for Editor in 0.23 ms, found 0 plugins.
Preloading 0 native plugins for Editor in 0.00 ms.
Unloading 1390 Unused Serialized files (Serialized files now loaded: 0)
System memory in use before: 72.1 MB.
System memory in use after: 72.2 MB.

Unloading 7 unused Assets to reduce memory usage. Loaded Objects now: 1923.
Total: 2.406200 ms (FindLiveObjects: 0.331000 ms CreateObjectMapping: 0.082900 ms MarkObjects: 1.937500 ms  DeleteObjects: 0.053200 ms)

========================================================================
Received Prepare
Registering precompiled user dll's ...
Registered in 0.000870 seconds.
Begin MonoManager ReloadAssembly
Native extension for WindowsStandalone target not found
Refreshing native plugins compatible for Editor in 0.34 ms, found 0 plugins.
Preloading 0 native plugins for Editor in 0.00 ms.
Invoked RoslynAnalysisRunner static constructor.
RoslynAnalysisRunner will not be running.
RoslynAnalysisRunner has terminated.
Mono: successfully reloaded assembly
- Completed reload, in  0.894 seconds
Platform modules already initialized, skipping
Refreshing native plugins compatible for Editor in 0.31 ms, found 0 plugins.
Preloading 0 native plugins for Editor in 0.00 ms.
Unloading 1391 Unused Serialized files (Serialized files now loaded: 0)
System memory in use before: 72.2 MB.
System memory in use after: 72.3 MB.

Unloading 5 unused Assets to reduce memory usage. Loaded Objects now: 1926.
Total: 2.232800 ms (FindLiveObjects: 0.197600 ms CreateObjectMapping: 0.087900 ms MarkObjects: 1.893500 ms  DeleteObjects: 0.052900 ms)

========================================================================
Received Prepare
Registering precompiled user dll's ...
Registered in 0.001006 seconds.
Begin MonoManager ReloadAssembly
Native extension for WindowsStandalone target not found
Refreshing native plugins compatible for Editor in 0.23 ms, found 0 plugins.
Preloading 0 native plugins for Editor in 0.00 ms.
Invoked RoslynAnalysisRunner static constructor.
RoslynAnalysisRunner will not be running.
RoslynAnalysisRunner has terminated.
Mono: successfully reloaded assembly
- Completed reload, in  0.830 seconds
Platform modules already initialized, skipping
Refreshing native plugins compatible for Editor in 0.22 ms, found 0 plugins.
Preloading 0 native plugins for Editor in 0.00 ms.
Unloading 1391 Unused Serialized files (Serialized files now loaded: 0)
System memory in use before: 72.3 MB.
System memory in use after: 72.4 MB.

Unloading 5 unused Assets to reduce memory usage. Loaded Objects now: 1928.
Total: 1.957300 ms (FindLiveObjects: 0.206100 ms CreateObjectMapping: 0.059400 ms MarkObjects: 1.647500 ms  DeleteObjects: 0.043400 ms)

========================================================================
Received Import Request.
  Time since last request: 473.911712 seconds.
  path: ProjectSettings/TagManager.asset
  artifactKey: Guid(00000000000000003000000000000000) Importer(815301076,1909f56bfc062723c751e8b465ee728b)
Start importing ProjectSettings/TagManager.asset using Guid(00000000000000003000000000000000) Importer(815301076,1909f56bfc062723c751e8b465ee728b)  -> (artifact id: '1efec719c81060231ab49e0da4b313b9') in 0.021545 seconds
  Import took 0.024040 seconds .

========================================================================
Received Import Request.
  Time since last request: 0.018649 seconds.
  path: ProjectSettings/TagManager.asset
  artifactKey: Guid(00000000000000003000000000000000) Importer(815301076,1909f56bfc062723c751e8b465ee728b)
Start importing ProjectSettings/TagManager.asset using Guid(00000000000000003000000000000000) Importer(815301076,1909f56bfc062723c751e8b465ee728b)  -> (artifact id: '1efec719c81060231ab49e0da4b313b9') in 0.007697 seconds
  Import took 0.009868 seconds .

========================================================================
Received Prepare
Registering precompiled user dll's ...
Registered in 0.001030 seconds.
Begin MonoManager ReloadAssembly
Native extension for WindowsStandalone target not found
Refreshing native plugins compatible for Editor in 0.23 ms, found 0 plugins.
Preloading 0 native plugins for Editor in 0.00 ms.
Invoked RoslynAnalysisRunner static constructor.
RoslynAnalysisRunner will not be running.
RoslynAnalysisRunner has terminated.
Mono: successfully reloaded assembly
- Completed reload, in  0.945 seconds
Platform modules already initialized, skipping
Refreshing native plugins compatible for Editor in 0.38 ms, found 0 plugins.
Preloading 0 native plugins for Editor in 0.00 ms.
Unloading 1391 Unused Serialized files (Serialized files now loaded: 0)
System memory in use before: 72.4 MB.
System memory in use after: 72.5 MB.

Unloading 7 unused Assets to reduce memory usage. Loaded Objects now: 1930.
Total: 2.440400 ms (FindLiveObjects: 0.171300 ms CreateObjectMapping: 0.061400 ms MarkObjects: 2.138700 ms  DeleteObjects: 0.067500 ms)

========================================================================
Received Prepare
Registering precompiled user dll's ...
Registered in 0.000748 seconds.
Begin MonoManager ReloadAssembly
Native extension for WindowsStandalone target not found
Refreshing native plugins compatible for Editor in 22.97 ms, found 0 plugins.
Preloading 0 native plugins for Editor in 0.00 ms.
Invoked RoslynAnalysisRunner static constructor.
RoslynAnalysisRunner will not be running.
RoslynAnalysisRunner has terminated.
Mono: successfully reloaded assembly
- Completed reload, in  0.817 seconds
Platform modules already initialized, skipping
Refreshing native plugins compatible for Editor in 0.18 ms, found 0 plugins.
Preloading 0 native plugins for Editor in 0.00 ms.
Unloading 1095 Unused Serialized files (Serialized files now loaded: 0)
System memory in use before: 66.3 MB.
System memory in use after: 66.4 MB.

Unloading 299 unused Assets to reduce memory usage. Loaded Objects now: 1638.
Total: 2.185800 ms (FindLiveObjects: 0.236900 ms CreateObjectMapping: 0.076700 ms MarkObjects: 1.732600 ms  DeleteObjects: 0.138400 ms)

========================================================================
Received Prepare
Registering precompiled user dll's ...
Registered in 0.001411 seconds.
Begin MonoManager ReloadAssembly
Native extension for WindowsStandalone target not found
Refreshing native plugins compatible for Editor in 0.19 ms, found 0 plugins.
Preloading 0 native plugins for Editor in 0.00 ms.
Invoked RoslynAnalysisRunner static constructor.
RoslynAnalysisRunner will not be running.
RoslynAnalysisRunner has terminated.
Mono: successfully reloaded assembly
- Completed reload, in  0.861 seconds
Platform modules already initialized, skipping
Refreshing native plugins compatible for Editor in 0.55 ms, found 0 plugins.
Preloading 0 native plugins for Editor in 0.00 ms.
Unloading 1095 Unused Serialized files (Serialized files now loaded: 0)
System memory in use before: 62.4 MB.
System memory in use after: 62.5 MB.

Unloading 5 unused Assets to reduce memory usage. Loaded Objects now: 1640.
Total: 2.357900 ms (FindLiveObjects: 0.283600 ms CreateObjectMapping: 0.083900 ms MarkObjects: 1.925900 ms  DeleteObjects: 0.063000 ms)

AssetImportWorkerClient::OnTransportError - code=2 error=End of file
